Analysis & Synthesis report for WiMAX_Interleaver
Sun Nov 17 15:45:01 2024
Quartus Prime Version 22.1std.2 Build 922 07/20/2023 SC Lite Edition


---------------------
; Table of Contents ;
---------------------
  1. Legal Notice
  2. Analysis & Synthesis Summary
  3. Analysis & Synthesis Settings
  4. Parallel Compilation
  5. Analysis & Synthesis Source Files Read
  6. Analysis & Synthesis Resource Usage Summary
  7. Analysis & Synthesis Resource Utilization by Entity
  8. Analysis & Synthesis RAM Summary
  9. Analysis & Synthesis IP Cores Summary
 10. State Machine - |interleaver_top|PPBuffer:PingPongBuffer_inst|PPBufferControl:BufferControl|state
 11. Registers Removed During Synthesis
 12. General Register Statistics
 13. Source assignments for PPBuffer:PingPongBuffer_inst|SDPR:BankA|altsyncram:altsyncram_component|altsyncram_3432:auto_generated
 14. Source assignments for PPBuffer:PingPongBuffer_inst|SDPR:BankB|altsyncram:altsyncram_component|altsyncram_3432:auto_generated
 15. Parameter Settings for User Entity Instance: Top-level Entity: |interleaver_top
 16. Parameter Settings for User Entity Instance: interleaver:Interleaver_inst
 17. Parameter Settings for User Entity Instance: PPBuffer:PingPongBuffer_inst|SDPR:BankA|altsyncram:altsyncram_component
 18. Parameter Settings for User Entity Instance: PPBuffer:PingPongBuffer_inst|SDPR:BankB|altsyncram:altsyncram_component
 19. altsyncram Parameter Settings by Entity Instance
 20. Port Connectivity Checks: "interleaver:Interleaver_inst"
 21. Post-Synthesis Netlist Statistics for Top Partition
 22. Elapsed Time Per Partition
 23. Analysis & Synthesis Messages



----------------
; Legal Notice ;
----------------
Copyright (C) 2023  Intel Corporation. All rights reserved.
Your use of Intel Corporation's design tools, logic functions 
and other software and tools, and any partner logic 
functions, and any output files from any of the foregoing 
(including device programming or simulation files), and any 
associated documentation or information are expressly subject 
to the terms and conditions of the Intel Program License 
Subscription Agreement, the Intel Quartus Prime License Agreement,
the Intel FPGA IP License Agreement, or other applicable license
agreement, including, without limitation, that your use is for
the sole purpose of programming logic devices manufactured by
Intel and sold by Intel or its authorized distributors.  Please
refer to the applicable agreement for further details, at
https://fpgasoftware.intel.com/eula.



+----------------------------------------------------------------------------------+
; Analysis & Synthesis Summary                                                     ;
+---------------------------------+------------------------------------------------+
; Analysis & Synthesis Status     ; Successful - Sun Nov 17 15:45:01 2024          ;
; Quartus Prime Version           ; 22.1std.2 Build 922 07/20/2023 SC Lite Edition ;
; Revision Name                   ; WiMAX_Interleaver                              ;
; Top-level Entity Name           ; interleaver_top                                ;
; Family                          ; Cyclone V                                      ;
; Logic utilization (in ALMs)     ; N/A                                            ;
; Total registers                 ; 40                                             ;
; Total pins                      ; 8                                              ;
; Total virtual pins              ; 0                                              ;
; Total block memory bits         ; 1,024                                          ;
; Total DSP Blocks                ; 0                                              ;
; Total HSSI RX PCSs              ; 0                                              ;
; Total HSSI PMA RX Deserializers ; 0                                              ;
; Total HSSI TX PCSs              ; 0                                              ;
; Total HSSI PMA TX Serializers   ; 0                                              ;
; Total PLLs                      ; 0                                              ;
; Total DLLs                      ; 0                                              ;
+---------------------------------+------------------------------------------------+


+---------------------------------------------------------------------------------------------------------------------------+
; Analysis & Synthesis Settings                                                                                             ;
+---------------------------------------------------------------------------------+--------------------+--------------------+
; Option                                                                          ; Setting            ; Default Value      ;
+---------------------------------------------------------------------------------+--------------------+--------------------+
; Device                                                                          ; 5CEBA4F23C7        ;                    ;
; Top-level entity name                                                           ; interleaver_top    ; WiMAX_Interleaver  ;
; Family name                                                                     ; Cyclone V          ; Cyclone V          ;
; Use smart compilation                                                           ; Off                ; Off                ;
; Enable parallel Assembler and Timing Analyzer during compilation                ; On                 ; On                 ;
; Enable compact report table                                                     ; Off                ; Off                ;
; Restructure Multiplexers                                                        ; Auto               ; Auto               ;
; MLAB Add Timing Constraints For Mixed-Port Feed-Through Mode Setting Don't Care ; Off                ; Off                ;
; Create Debugging Nodes for IP Cores                                             ; Off                ; Off                ;
; Preserve fewer node names                                                       ; On                 ; On                 ;
; Intel FPGA IP Evaluation Mode                                                   ; Enable             ; Enable             ;
; Verilog Version                                                                 ; Verilog_2001       ; Verilog_2001       ;
; VHDL Version                                                                    ; VHDL_1993          ; VHDL_1993          ;
; State Machine Processing                                                        ; Auto               ; Auto               ;
; Safe State Machine                                                              ; Off                ; Off                ;
; Extract Verilog State Machines                                                  ; On                 ; On                 ;
; Extract VHDL State Machines                                                     ; On                 ; On                 ;
; Ignore Verilog initial constructs                                               ; Off                ; Off                ;
; Iteration limit for constant Verilog loops                                      ; 5000               ; 5000               ;
; Iteration limit for non-constant Verilog loops                                  ; 250                ; 250                ;
; Add Pass-Through Logic to Inferred RAMs                                         ; On                 ; On                 ;
; Infer RAMs from Raw Logic                                                       ; On                 ; On                 ;
; Parallel Synthesis                                                              ; On                 ; On                 ;
; DSP Block Balancing                                                             ; Auto               ; Auto               ;
; NOT Gate Push-Back                                                              ; On                 ; On                 ;
; Power-Up Don't Care                                                             ; On                 ; On                 ;
; Remove Redundant Logic Cells                                                    ; Off                ; Off                ;
; Remove Duplicate Registers                                                      ; On                 ; On                 ;
; Ignore CARRY Buffers                                                            ; Off                ; Off                ;
; Ignore CASCADE Buffers                                                          ; Off                ; Off                ;
; Ignore GLOBAL Buffers                                                           ; Off                ; Off                ;
; Ignore ROW GLOBAL Buffers                                                       ; Off                ; Off                ;
; Ignore LCELL Buffers                                                            ; Off                ; Off                ;
; Ignore SOFT Buffers                                                             ; On                 ; On                 ;
; Limit AHDL Integers to 32 Bits                                                  ; Off                ; Off                ;
; Optimization Technique                                                          ; Balanced           ; Balanced           ;
; Carry Chain Length                                                              ; 70                 ; 70                 ;
; Auto Carry Chains                                                               ; On                 ; On                 ;
; Auto Open-Drain Pins                                                            ; On                 ; On                 ;
; Perform WYSIWYG Primitive Resynthesis                                           ; Off                ; Off                ;
; Auto ROM Replacement                                                            ; On                 ; On                 ;
; Auto RAM Replacement                                                            ; On                 ; On                 ;
; Auto DSP Block Replacement                                                      ; On                 ; On                 ;
; Auto Shift Register Replacement                                                 ; Auto               ; Auto               ;
; Allow Shift Register Merging across Hierarchies                                 ; Auto               ; Auto               ;
; Auto Clock Enable Replacement                                                   ; On                 ; On                 ;
; Strict RAM Replacement                                                          ; Off                ; Off                ;
; Allow Synchronous Control Signals                                               ; On                 ; On                 ;
; Force Use of Synchronous Clear Signals                                          ; Off                ; Off                ;
; Auto Resource Sharing                                                           ; Off                ; Off                ;
; Allow Any RAM Size For Recognition                                              ; Off                ; Off                ;
; Allow Any ROM Size For Recognition                                              ; Off                ; Off                ;
; Allow Any Shift Register Size For Recognition                                   ; Off                ; Off                ;
; Use LogicLock Constraints during Resource Balancing                             ; On                 ; On                 ;
; Ignore translate_off and synthesis_off directives                               ; Off                ; Off                ;
; Timing-Driven Synthesis                                                         ; On                 ; On                 ;
; Report Parameter Settings                                                       ; On                 ; On                 ;
; Report Source Assignments                                                       ; On                 ; On                 ;
; Report Connectivity Checks                                                      ; On                 ; On                 ;
; Ignore Maximum Fan-Out Assignments                                              ; Off                ; Off                ;
; Synchronization Register Chain Length                                           ; 3                  ; 3                  ;
; Power Optimization During Synthesis                                             ; Normal compilation ; Normal compilation ;
; HDL message level                                                               ; Level2             ; Level2             ;
; Suppress Register Optimization Related Messages                                 ; Off                ; Off                ;
; Number of Removed Registers Reported in Synthesis Report                        ; 5000               ; 5000               ;
; Number of Swept Nodes Reported in Synthesis Report                              ; 5000               ; 5000               ;
; Number of Inverted Registers Reported in Synthesis Report                       ; 100                ; 100                ;
; Clock MUX Protection                                                            ; On                 ; On                 ;
; Auto Gated Clock Conversion                                                     ; Off                ; Off                ;
; Block Design Naming                                                             ; Auto               ; Auto               ;
; SDC constraint protection                                                       ; Off                ; Off                ;
; Synthesis Effort                                                                ; Auto               ; Auto               ;
; Shift Register Replacement - Allow Asynchronous Clear Signal                    ; On                 ; On                 ;
; Pre-Mapping Resynthesis Optimization                                            ; Off                ; Off                ;
; Analysis & Synthesis Message Level                                              ; Medium             ; Medium             ;
; Disable Register Merging Across Hierarchies                                     ; Auto               ; Auto               ;
; Resource Aware Inference For Block RAM                                          ; On                 ; On                 ;
; Automatic Parallel Synthesis                                                    ; On                 ; On                 ;
; Partial Reconfiguration Bitstream ID                                            ; Off                ; Off                ;
+---------------------------------------------------------------------------------+--------------------+--------------------+


+------------------------------------------+
; Parallel Compilation                     ;
+----------------------------+-------------+
; Processors                 ; Number      ;
+----------------------------+-------------+
; Number detected on machine ; 12          ;
; Maximum allowed            ; 6           ;
;                            ;             ;
; Average used               ; 1.00        ;
; Maximum used               ; 6           ;
;                            ;             ;
; Usage by Processor         ; % Time Used ;
;     Processor 1            ; 100.0%      ;
;     Processors 2-6         ;   0.0%      ;
+----------------------------+-------------+


+-------------------------------------------------------------------------------------------------------------------------------------------------------------------------------+
; Analysis & Synthesis Source Files Read                                                                                                                                        ;
+----------------------------------+-----------------+------------------------------+---------------------------------------------------------------------------------+---------+
; File Name with User-Entered Path ; Used in Netlist ; File Type                    ; File Name with Absolute Path                                                    ; Library ;
+----------------------------------+-----------------+------------------------------+---------------------------------------------------------------------------------+---------+
; ../rtl/PPBufferControl.sv        ; yes             ; User SystemVerilog HDL File  ; D:/Study/FALL2024/ECNG 4104/Project/Phase1/rtl/PPBufferControl.sv               ;         ;
; ../rtl/PPBuffer.sv               ; yes             ; User SystemVerilog HDL File  ; D:/Study/FALL2024/ECNG 4104/Project/Phase1/rtl/PPBuffer.sv                      ;         ;
; ../rtl/interleaver_top.sv        ; yes             ; User SystemVerilog HDL File  ; D:/Study/FALL2024/ECNG 4104/Project/Phase1/rtl/interleaver_top.sv               ;         ;
; ../rtl/interleaver.sv            ; yes             ; User SystemVerilog HDL File  ; D:/Study/FALL2024/ECNG 4104/Project/Phase1/rtl/interleaver.sv                   ;         ;
; ../ip/SDPR.v                     ; yes             ; User Wizard-Generated File   ; D:/Study/FALL2024/ECNG 4104/Project/Phase1/ip/SDPR.v                            ;         ;
; altsyncram.tdf                   ; yes             ; Megafunction                 ; c:/intelfpga_lite/22.1std/quartus/libraries/megafunctions/altsyncram.tdf        ;         ;
; stratix_ram_block.inc            ; yes             ; Megafunction                 ; c:/intelfpga_lite/22.1std/quartus/libraries/megafunctions/stratix_ram_block.inc ;         ;
; lpm_mux.inc                      ; yes             ; Megafunction                 ; c:/intelfpga_lite/22.1std/quartus/libraries/megafunctions/lpm_mux.inc           ;         ;
; lpm_decode.inc                   ; yes             ; Megafunction                 ; c:/intelfpga_lite/22.1std/quartus/libraries/megafunctions/lpm_decode.inc        ;         ;
; aglobal221.inc                   ; yes             ; Megafunction                 ; c:/intelfpga_lite/22.1std/quartus/libraries/megafunctions/aglobal221.inc        ;         ;
; a_rdenreg.inc                    ; yes             ; Megafunction                 ; c:/intelfpga_lite/22.1std/quartus/libraries/megafunctions/a_rdenreg.inc         ;         ;
; altrom.inc                       ; yes             ; Megafunction                 ; c:/intelfpga_lite/22.1std/quartus/libraries/megafunctions/altrom.inc            ;         ;
; altram.inc                       ; yes             ; Megafunction                 ; c:/intelfpga_lite/22.1std/quartus/libraries/megafunctions/altram.inc            ;         ;
; altdpram.inc                     ; yes             ; Megafunction                 ; c:/intelfpga_lite/22.1std/quartus/libraries/megafunctions/altdpram.inc          ;         ;
; db/altsyncram_3432.tdf           ; yes             ; Auto-Generated Megafunction  ; D:/Study/FALL2024/ECNG 4104/Project/Phase1/syn/db/altsyncram_3432.tdf           ;         ;
+----------------------------------+-----------------+------------------------------+---------------------------------------------------------------------------------+---------+


+---------------------------------------------------------+
; Analysis & Synthesis Resource Usage Summary             ;
+---------------------------------------------+-----------+
; Resource                                    ; Usage     ;
+---------------------------------------------+-----------+
; Estimate of Logic utilization (ALMs needed) ; 26        ;
;                                             ;           ;
; Combinational ALUT usage for logic          ; 48        ;
;     -- 7 input functions                    ; 0         ;
;     -- 6 input functions                    ; 2         ;
;     -- 5 input functions                    ; 3         ;
;     -- 4 input functions                    ; 4         ;
;     -- <=3 input functions                  ; 39        ;
;                                             ;           ;
; Dedicated logic registers                   ; 40        ;
;                                             ;           ;
; I/O pins                                    ; 8         ;
; Total MLAB memory bits                      ; 0         ;
; Total block memory bits                     ; 1024      ;
;                                             ;           ;
; Total DSP Blocks                            ; 0         ;
;                                             ;           ;
; Maximum fan-out node                        ; clk~input ;
; Maximum fan-out                             ; 42        ;
; Total fan-out                               ; 351       ;
; Average fan-out                             ; 3.31      ;
+---------------------------------------------+-----------+


+------------------------------------------------------------------------------------------------------------------------------------------------------------------------------------------------------------------------------------------------------------------------------------------------------------------+
; Analysis & Synthesis Resource Utilization by Entity                                                                                                                                                                                                                                                              ;
+----------------------------------------------+---------------------+---------------------------+-------------------+------------+------+--------------+-------------------------------------------------------------------------------------------------------------------------+-----------------+--------------+
; Compilation Hierarchy Node                   ; Combinational ALUTs ; Dedicated Logic Registers ; Block Memory Bits ; DSP Blocks ; Pins ; Virtual Pins ; Full Hierarchy Name                                                                                                     ; Entity Name     ; Library Name ;
+----------------------------------------------+---------------------+---------------------------+-------------------+------------+------+--------------+-------------------------------------------------------------------------------------------------------------------------+-----------------+--------------+
; |interleaver_top                             ; 48 (12)             ; 40 (9)                    ; 1024              ; 0          ; 8    ; 0            ; |interleaver_top                                                                                                        ; interleaver_top ; work         ;
;    |PPBuffer:PingPongBuffer_inst|            ; 20 (0)              ; 14 (0)                    ; 1024              ; 0          ; 0    ; 0            ; |interleaver_top|PPBuffer:PingPongBuffer_inst                                                                           ; PPBuffer        ; work         ;
;       |PPBufferControl:BufferControl|        ; 20 (20)             ; 14 (14)                   ; 0                 ; 0          ; 0    ; 0            ; |interleaver_top|PPBuffer:PingPongBuffer_inst|PPBufferControl:BufferControl                                             ; PPBufferControl ; work         ;
;       |SDPR:BankA|                           ; 0 (0)               ; 0 (0)                     ; 512               ; 0          ; 0    ; 0            ; |interleaver_top|PPBuffer:PingPongBuffer_inst|SDPR:BankA                                                                ; SDPR            ; work         ;
;          |altsyncram:altsyncram_component|   ; 0 (0)               ; 0 (0)                     ; 512               ; 0          ; 0    ; 0            ; |interleaver_top|PPBuffer:PingPongBuffer_inst|SDPR:BankA|altsyncram:altsyncram_component                                ; altsyncram      ; work         ;
;             |altsyncram_3432:auto_generated| ; 0 (0)               ; 0 (0)                     ; 512               ; 0          ; 0    ; 0            ; |interleaver_top|PPBuffer:PingPongBuffer_inst|SDPR:BankA|altsyncram:altsyncram_component|altsyncram_3432:auto_generated ; altsyncram_3432 ; work         ;
;       |SDPR:BankB|                           ; 0 (0)               ; 0 (0)                     ; 512               ; 0          ; 0    ; 0            ; |interleaver_top|PPBuffer:PingPongBuffer_inst|SDPR:BankB                                                                ; SDPR            ; work         ;
;          |altsyncram:altsyncram_component|   ; 0 (0)               ; 0 (0)                     ; 512               ; 0          ; 0    ; 0            ; |interleaver_top|PPBuffer:PingPongBuffer_inst|SDPR:BankB|altsyncram:altsyncram_component                                ; altsyncram      ; work         ;
;             |altsyncram_3432:auto_generated| ; 0 (0)               ; 0 (0)                     ; 512               ; 0          ; 0    ; 0            ; |interleaver_top|PPBuffer:PingPongBuffer_inst|SDPR:BankB|altsyncram:altsyncram_component|altsyncram_3432:auto_generated ; altsyncram_3432 ; work         ;
;    |interleaver:Interleaver_inst|            ; 16 (16)             ; 17 (17)                   ; 0                 ; 0          ; 0    ; 0            ; |interleaver_top|interleaver:Interleaver_inst                                                                           ; interleaver     ; work         ;
+----------------------------------------------+---------------------+---------------------------+-------------------+------------+------+--------------+-------------------------------------------------------------------------------------------------------------------------+-----------------+--------------+
Note: For table entries with two numbers listed, the numbers in parentheses indicate the number of resources of the given type used by the specific entity alone. The numbers listed outside of parentheses indicate the total resources of the given type used by the specific entity and all of its sub-entities in the hierarchy.


+-----------------------------------------------------------------------------------------------------------------------------------------------------------------------------------------------------------------------------+
; Analysis & Synthesis RAM Summary                                                                                                                                                                                            ;
+-------------------------------------------------------------------------------------------------------------------+------------+------------------+--------------+--------------+--------------+--------------+------+------+
; Name                                                                                                              ; Type       ; Mode             ; Port A Depth ; Port A Width ; Port B Depth ; Port B Width ; Size ; MIF  ;
+-------------------------------------------------------------------------------------------------------------------+------------+------------------+--------------+--------------+--------------+--------------+------+------+
; PPBuffer:PingPongBuffer_inst|SDPR:BankA|altsyncram:altsyncram_component|altsyncram_3432:auto_generated|ALTSYNCRAM ; M10K block ; Simple Dual Port ; 512          ; 1            ; 512          ; 1            ; 512  ; None ;
; PPBuffer:PingPongBuffer_inst|SDPR:BankB|altsyncram:altsyncram_component|altsyncram_3432:auto_generated|ALTSYNCRAM ; M10K block ; Simple Dual Port ; 512          ; 1            ; 512          ; 1            ; 512  ; None ;
+-------------------------------------------------------------------------------------------------------------------+------------+------------------+--------------+--------------+--------------+--------------+------+------+


+--------------------------------------------------------------------------------------------------------------------------------------------+
; Analysis & Synthesis IP Cores Summary                                                                                                      ;
+--------+--------------+---------+--------------+--------------+----------------------------------------------------------+-----------------+
; Vendor ; IP Core Name ; Version ; Release Date ; License Type ; Entity Instance                                          ; IP Include File ;
+--------+--------------+---------+--------------+--------------+----------------------------------------------------------+-----------------+
; Altera ; RAM: 2-PORT  ; 22.1    ; N/A          ; N/A          ; |interleaver_top|PPBuffer:PingPongBuffer_inst|SDPR:BankA ; ../ip/SDPR.v    ;
; Altera ; RAM: 2-PORT  ; 22.1    ; N/A          ; N/A          ; |interleaver_top|PPBuffer:PingPongBuffer_inst|SDPR:BankB ; ../ip/SDPR.v    ;
+--------+--------------+---------+--------------+--------------+----------------------------------------------------------+-----------------+


Encoding Type:  One-Hot
+---------------------------------------------------------------------------------------------------+
; State Machine - |interleaver_top|PPBuffer:PingPongBuffer_inst|PPBufferControl:BufferControl|state ;
+---------------+---------------+---------------+-------------+-------------------------------------+
; Name          ; state.WRITE_B ; state.WRITE_A ; state.CLEAR ; state.IDLE                          ;
+---------------+---------------+---------------+-------------+-------------------------------------+
; state.IDLE    ; 0             ; 0             ; 0           ; 0                                   ;
; state.CLEAR   ; 0             ; 0             ; 1           ; 1                                   ;
; state.WRITE_A ; 0             ; 1             ; 0           ; 1                                   ;
; state.WRITE_B ; 1             ; 0             ; 0           ; 1                                   ;
+---------------+---------------+---------------+-------------+-------------------------------------+


+-----------------------------------------------------------------------------------------+
; Registers Removed During Synthesis                                                      ;
+--------------------------------------------------------------------+--------------------+
; Register name                                                      ; Reason for Removal ;
+--------------------------------------------------------------------+--------------------+
; PPBuffer:PingPongBuffer_inst|PPBufferControl:BufferControl|state~4 ; Lost fanout        ;
; PPBuffer:PingPongBuffer_inst|PPBufferControl:BufferControl|state~5 ; Lost fanout        ;
; Total Number of Removed Registers = 2                              ;                    ;
+--------------------------------------------------------------------+--------------------+


+------------------------------------------------------+
; General Register Statistics                          ;
+----------------------------------------------+-------+
; Statistic                                    ; Value ;
+----------------------------------------------+-------+
; Total registers                              ; 40    ;
; Number of registers using Synchronous Clear  ; 25    ;
; Number of registers using Synchronous Load   ; 0     ;
; Number of registers using Asynchronous Clear ; 40    ;
; Number of registers using Asynchronous Load  ; 0     ;
; Number of registers using Clock Enable       ; 28    ;
; Number of registers using Preset             ; 0     ;
+----------------------------------------------+-------+


+-------------------------------------------------------------------------------------------------------------------------------+
; Source assignments for PPBuffer:PingPongBuffer_inst|SDPR:BankA|altsyncram:altsyncram_component|altsyncram_3432:auto_generated ;
+---------------------------------+--------------------+------+-----------------------------------------------------------------+
; Assignment                      ; Value              ; From ; To                                                              ;
+---------------------------------+--------------------+------+-----------------------------------------------------------------+
; OPTIMIZE_POWER_DURING_SYNTHESIS ; NORMAL_COMPILATION ; -    ; -                                                               ;
+---------------------------------+--------------------+------+-----------------------------------------------------------------+


+-------------------------------------------------------------------------------------------------------------------------------+
; Source assignments for PPBuffer:PingPongBuffer_inst|SDPR:BankB|altsyncram:altsyncram_component|altsyncram_3432:auto_generated ;
+---------------------------------+--------------------+------+-----------------------------------------------------------------+
; Assignment                      ; Value              ; From ; To                                                              ;
+---------------------------------+--------------------+------+-----------------------------------------------------------------+
; OPTIMIZE_POWER_DURING_SYNTHESIS ; NORMAL_COMPILATION ; -    ; -                                                               ;
+---------------------------------+--------------------+------+-----------------------------------------------------------------+


+---------------------------------------------------------------------------------+
; Parameter Settings for User Entity Instance: Top-level Entity: |interleaver_top ;
+----------------+-------+--------------------------------------------------------+
; Parameter Name ; Value ; Type                                                   ;
+----------------+-------+--------------------------------------------------------+
; Ncbps          ; 192   ; Signed Integer                                         ;
; Ncpc           ; 2     ; Signed Integer                                         ;
; s              ; 1     ; Signed Integer                                         ;
; d              ; 16    ; Signed Integer                                         ;
+----------------+-------+--------------------------------------------------------+
Note: In order to hide this table in the UI and the text report file, please set the "Show Parameter Settings in Synthesis Report" option in "Analysis and Synthesis Settings -> More Settings" to "Off".


+---------------------------------------------------------------------------+
; Parameter Settings for User Entity Instance: interleaver:Interleaver_inst ;
+----------------+-------+--------------------------------------------------+
; Parameter Name ; Value ; Type                                             ;
+----------------+-------+--------------------------------------------------+
; Ncbps          ; 192   ; Signed Integer                                   ;
; Ncpc           ; 2     ; Signed Integer                                   ;
; s              ; 1     ; Signed Integer                                   ;
; d              ; 16    ; Signed Integer                                   ;
+----------------+-------+--------------------------------------------------+
Note: In order to hide this table in the UI and the text report file, please set the "Show Parameter Settings in Synthesis Report" option in "Analysis and Synthesis Settings -> More Settings" to "Off".


+----------------------------------------------------------------------------------------------------------------------+
; Parameter Settings for User Entity Instance: PPBuffer:PingPongBuffer_inst|SDPR:BankA|altsyncram:altsyncram_component ;
+------------------------------------+----------------------+----------------------------------------------------------+
; Parameter Name                     ; Value                ; Type                                                     ;
+------------------------------------+----------------------+----------------------------------------------------------+
; BYTE_SIZE_BLOCK                    ; 8                    ; Untyped                                                  ;
; AUTO_CARRY_CHAINS                  ; ON                   ; AUTO_CARRY                                               ;
; IGNORE_CARRY_BUFFERS               ; OFF                  ; IGNORE_CARRY                                             ;
; AUTO_CASCADE_CHAINS                ; ON                   ; AUTO_CASCADE                                             ;
; IGNORE_CASCADE_BUFFERS             ; OFF                  ; IGNORE_CASCADE                                           ;
; WIDTH_BYTEENA                      ; 1                    ; Untyped                                                  ;
; OPERATION_MODE                     ; DUAL_PORT            ; Untyped                                                  ;
; WIDTH_A                            ; 1                    ; Signed Integer                                           ;
; WIDTHAD_A                          ; 9                    ; Signed Integer                                           ;
; NUMWORDS_A                         ; 512                  ; Signed Integer                                           ;
; OUTDATA_REG_A                      ; UNREGISTERED         ; Untyped                                                  ;
; ADDRESS_ACLR_A                     ; NONE                 ; Untyped                                                  ;
; OUTDATA_ACLR_A                     ; NONE                 ; Untyped                                                  ;
; WRCONTROL_ACLR_A                   ; NONE                 ; Untyped                                                  ;
; INDATA_ACLR_A                      ; NONE                 ; Untyped                                                  ;
; BYTEENA_ACLR_A                     ; NONE                 ; Untyped                                                  ;
; WIDTH_B                            ; 1                    ; Signed Integer                                           ;
; WIDTHAD_B                          ; 9                    ; Signed Integer                                           ;
; NUMWORDS_B                         ; 512                  ; Signed Integer                                           ;
; INDATA_REG_B                       ; CLOCK1               ; Untyped                                                  ;
; WRCONTROL_WRADDRESS_REG_B          ; CLOCK1               ; Untyped                                                  ;
; RDCONTROL_REG_B                    ; CLOCK0               ; Untyped                                                  ;
; ADDRESS_REG_B                      ; CLOCK0               ; Untyped                                                  ;
; OUTDATA_REG_B                      ; UNREGISTERED         ; Untyped                                                  ;
; BYTEENA_REG_B                      ; CLOCK1               ; Untyped                                                  ;
; INDATA_ACLR_B                      ; NONE                 ; Untyped                                                  ;
; WRCONTROL_ACLR_B                   ; NONE                 ; Untyped                                                  ;
; ADDRESS_ACLR_B                     ; NONE                 ; Untyped                                                  ;
; OUTDATA_ACLR_B                     ; NONE                 ; Untyped                                                  ;
; RDCONTROL_ACLR_B                   ; NONE                 ; Untyped                                                  ;
; BYTEENA_ACLR_B                     ; NONE                 ; Untyped                                                  ;
; WIDTH_BYTEENA_A                    ; 1                    ; Signed Integer                                           ;
; WIDTH_BYTEENA_B                    ; 1                    ; Untyped                                                  ;
; RAM_BLOCK_TYPE                     ; M10K                 ; Untyped                                                  ;
; BYTE_SIZE                          ; 8                    ; Untyped                                                  ;
; READ_DURING_WRITE_MODE_MIXED_PORTS ; DONT_CARE            ; Untyped                                                  ;
; READ_DURING_WRITE_MODE_PORT_A      ; NEW_DATA_NO_NBE_READ ; Untyped                                                  ;
; READ_DURING_WRITE_MODE_PORT_B      ; NEW_DATA_NO_NBE_READ ; Untyped                                                  ;
; INIT_FILE                          ; UNUSED               ; Untyped                                                  ;
; INIT_FILE_LAYOUT                   ; PORT_A               ; Untyped                                                  ;
; MAXIMUM_DEPTH                      ; 0                    ; Untyped                                                  ;
; CLOCK_ENABLE_INPUT_A               ; BYPASS               ; Untyped                                                  ;
; CLOCK_ENABLE_INPUT_B               ; BYPASS               ; Untyped                                                  ;
; CLOCK_ENABLE_OUTPUT_A              ; NORMAL               ; Untyped                                                  ;
; CLOCK_ENABLE_OUTPUT_B              ; BYPASS               ; Untyped                                                  ;
; CLOCK_ENABLE_CORE_A                ; USE_INPUT_CLKEN      ; Untyped                                                  ;
; CLOCK_ENABLE_CORE_B                ; USE_INPUT_CLKEN      ; Untyped                                                  ;
; ENABLE_ECC                         ; FALSE                ; Untyped                                                  ;
; ECC_PIPELINE_STAGE_ENABLED         ; FALSE                ; Untyped                                                  ;
; WIDTH_ECCSTATUS                    ; 3                    ; Untyped                                                  ;
; DEVICE_FAMILY                      ; Cyclone V            ; Untyped                                                  ;
; CBXI_PARAMETER                     ; altsyncram_3432      ; Untyped                                                  ;
+------------------------------------+----------------------+----------------------------------------------------------+
Note: In order to hide this table in the UI and the text report file, please set the "Show Parameter Settings in Synthesis Report" option in "Analysis and Synthesis Settings -> More Settings" to "Off".


+----------------------------------------------------------------------------------------------------------------------+
; Parameter Settings for User Entity Instance: PPBuffer:PingPongBuffer_inst|SDPR:BankB|altsyncram:altsyncram_component ;
+------------------------------------+----------------------+----------------------------------------------------------+
; Parameter Name                     ; Value                ; Type                                                     ;
+------------------------------------+----------------------+----------------------------------------------------------+
; BYTE_SIZE_BLOCK                    ; 8                    ; Untyped                                                  ;
; AUTO_CARRY_CHAINS                  ; ON                   ; AUTO_CARRY                                               ;
; IGNORE_CARRY_BUFFERS               ; OFF                  ; IGNORE_CARRY                                             ;
; AUTO_CASCADE_CHAINS                ; ON                   ; AUTO_CASCADE                                             ;
; IGNORE_CASCADE_BUFFERS             ; OFF                  ; IGNORE_CASCADE                                           ;
; WIDTH_BYTEENA                      ; 1                    ; Untyped                                                  ;
; OPERATION_MODE                     ; DUAL_PORT            ; Untyped                                                  ;
; WIDTH_A                            ; 1                    ; Signed Integer                                           ;
; WIDTHAD_A                          ; 9                    ; Signed Integer                                           ;
; NUMWORDS_A                         ; 512                  ; Signed Integer                                           ;
; OUTDATA_REG_A                      ; UNREGISTERED         ; Untyped                                                  ;
; ADDRESS_ACLR_A                     ; NONE                 ; Untyped                                                  ;
; OUTDATA_ACLR_A                     ; NONE                 ; Untyped                                                  ;
; WRCONTROL_ACLR_A                   ; NONE                 ; Untyped                                                  ;
; INDATA_ACLR_A                      ; NONE                 ; Untyped                                                  ;
; BYTEENA_ACLR_A                     ; NONE                 ; Untyped                                                  ;
; WIDTH_B                            ; 1                    ; Signed Integer                                           ;
; WIDTHAD_B                          ; 9                    ; Signed Integer                                           ;
; NUMWORDS_B                         ; 512                  ; Signed Integer                                           ;
; INDATA_REG_B                       ; CLOCK1               ; Untyped                                                  ;
; WRCONTROL_WRADDRESS_REG_B          ; CLOCK1               ; Untyped                                                  ;
; RDCONTROL_REG_B                    ; CLOCK0               ; Untyped                                                  ;
; ADDRESS_REG_B                      ; CLOCK0               ; Untyped                                                  ;
; OUTDATA_REG_B                      ; UNREGISTERED         ; Untyped                                                  ;
; BYTEENA_REG_B                      ; CLOCK1               ; Untyped                                                  ;
; INDATA_ACLR_B                      ; NONE                 ; Untyped                                                  ;
; WRCONTROL_ACLR_B                   ; NONE                 ; Untyped                                                  ;
; ADDRESS_ACLR_B                     ; NONE                 ; Untyped                                                  ;
; OUTDATA_ACLR_B                     ; NONE                 ; Untyped                                                  ;
; RDCONTROL_ACLR_B                   ; NONE                 ; Untyped                                                  ;
; BYTEENA_ACLR_B                     ; NONE                 ; Untyped                                                  ;
; WIDTH_BYTEENA_A                    ; 1                    ; Signed Integer                                           ;
; WIDTH_BYTEENA_B                    ; 1                    ; Untyped                                                  ;
; RAM_BLOCK_TYPE                     ; M10K                 ; Untyped                                                  ;
; BYTE_SIZE                          ; 8                    ; Untyped                                                  ;
; READ_DURING_WRITE_MODE_MIXED_PORTS ; DONT_CARE            ; Untyped                                                  ;
; READ_DURING_WRITE_MODE_PORT_A      ; NEW_DATA_NO_NBE_READ ; Untyped                                                  ;
; READ_DURING_WRITE_MODE_PORT_B      ; NEW_DATA_NO_NBE_READ ; Untyped                                                  ;
; INIT_FILE                          ; UNUSED               ; Untyped                                                  ;
; INIT_FILE_LAYOUT                   ; PORT_A               ; Untyped                                                  ;
; MAXIMUM_DEPTH                      ; 0                    ; Untyped                                                  ;
; CLOCK_ENABLE_INPUT_A               ; BYPASS               ; Untyped                                                  ;
; CLOCK_ENABLE_INPUT_B               ; BYPASS               ; Untyped                                                  ;
; CLOCK_ENABLE_OUTPUT_A              ; NORMAL               ; Untyped                                                  ;
; CLOCK_ENABLE_OUTPUT_B              ; BYPASS               ; Untyped                                                  ;
; CLOCK_ENABLE_CORE_A                ; USE_INPUT_CLKEN      ; Untyped                                                  ;
; CLOCK_ENABLE_CORE_B                ; USE_INPUT_CLKEN      ; Untyped                                                  ;
; ENABLE_ECC                         ; FALSE                ; Untyped                                                  ;
; ECC_PIPELINE_STAGE_ENABLED         ; FALSE                ; Untyped                                                  ;
; WIDTH_ECCSTATUS                    ; 3                    ; Untyped                                                  ;
; DEVICE_FAMILY                      ; Cyclone V            ; Untyped                                                  ;
; CBXI_PARAMETER                     ; altsyncram_3432      ; Untyped                                                  ;
+------------------------------------+----------------------+----------------------------------------------------------+
Note: In order to hide this table in the UI and the text report file, please set the "Show Parameter Settings in Synthesis Report" option in "Analysis and Synthesis Settings -> More Settings" to "Off".


+---------------------------------------------------------------------------------------------------------------------+
; altsyncram Parameter Settings by Entity Instance                                                                    ;
+-------------------------------------------+-------------------------------------------------------------------------+
; Name                                      ; Value                                                                   ;
+-------------------------------------------+-------------------------------------------------------------------------+
; Number of entity instances                ; 2                                                                       ;
; Entity Instance                           ; PPBuffer:PingPongBuffer_inst|SDPR:BankA|altsyncram:altsyncram_component ;
;     -- OPERATION_MODE                     ; DUAL_PORT                                                               ;
;     -- WIDTH_A                            ; 1                                                                       ;
;     -- NUMWORDS_A                         ; 512                                                                     ;
;     -- OUTDATA_REG_A                      ; UNREGISTERED                                                            ;
;     -- WIDTH_B                            ; 1                                                                       ;
;     -- NUMWORDS_B                         ; 512                                                                     ;
;     -- ADDRESS_REG_B                      ; CLOCK0                                                                  ;
;     -- OUTDATA_REG_B                      ; UNREGISTERED                                                            ;
;     -- RAM_BLOCK_TYPE                     ; M10K                                                                    ;
;     -- READ_DURING_WRITE_MODE_MIXED_PORTS ; DONT_CARE                                                               ;
; Entity Instance                           ; PPBuffer:PingPongBuffer_inst|SDPR:BankB|altsyncram:altsyncram_component ;
;     -- OPERATION_MODE                     ; DUAL_PORT                                                               ;
;     -- WIDTH_A                            ; 1                                                                       ;
;     -- NUMWORDS_A                         ; 512                                                                     ;
;     -- OUTDATA_REG_A                      ; UNREGISTERED                                                            ;
;     -- WIDTH_B                            ; 1                                                                       ;
;     -- NUMWORDS_B                         ; 512                                                                     ;
;     -- ADDRESS_REG_B                      ; CLOCK0                                                                  ;
;     -- OUTDATA_REG_B                      ; UNREGISTERED                                                            ;
;     -- RAM_BLOCK_TYPE                     ; M10K                                                                    ;
;     -- READ_DURING_WRITE_MODE_MIXED_PORTS ; DONT_CARE                                                               ;
+-------------------------------------------+-------------------------------------------------------------------------+


+---------------------------------------------------------------------------------------------------------------------------------------------------------------------------------------------------------------+
; Port Connectivity Checks: "interleaver:Interleaver_inst"                                                                                                                                                      ;
+-------------------+--------+----------+-----------------------------------------------------------------------------------------------------------------------------------------------------------------------+
; Port              ; Type   ; Severity ; Details                                                                                                                                                               ;
+-------------------+--------+----------+-----------------------------------------------------------------------------------------------------------------------------------------------------------------------+
; data_out_index    ; Output ; Warning  ; Output or bidir port (8 bits) is smaller than the port expression (9 bits) it drives.  The 1 most-significant bit(s) in the port expression will be connected to GND. ;
; ready_interleaver ; Output ; Info     ; Connected to dangling logic. Logic that only feeds a dangling port will be removed.                                                                                   ;
+-------------------+--------+----------+-----------------------------------------------------------------------------------------------------------------------------------------------------------------------+


+-----------------------------------------------------+
; Post-Synthesis Netlist Statistics for Top Partition ;
+-----------------------+-----------------------------+
; Type                  ; Count                       ;
+-----------------------+-----------------------------+
; arriav_ff             ; 40                          ;
;     CLR               ; 4                           ;
;     CLR SCLR          ; 8                           ;
;     ENA CLR           ; 11                          ;
;     ENA CLR SCLR      ; 17                          ;
; arriav_lcell_comb     ; 48                          ;
;     arith             ; 31                          ;
;         1 data inputs ; 25                          ;
;         2 data inputs ; 1                           ;
;         3 data inputs ; 4                           ;
;         4 data inputs ; 1                           ;
;     normal            ; 17                          ;
;         0 data inputs ; 1                           ;
;         1 data inputs ; 1                           ;
;         2 data inputs ; 6                           ;
;         3 data inputs ; 1                           ;
;         4 data inputs ; 3                           ;
;         5 data inputs ; 3                           ;
;         6 data inputs ; 2                           ;
; boundary_port         ; 8                           ;
; stratixv_ram_block    ; 2                           ;
;                       ;                             ;
; Max LUT depth         ; 2.00                        ;
; Average LUT depth     ; 1.38                        ;
+-----------------------+-----------------------------+


+-------------------------------+
; Elapsed Time Per Partition    ;
+----------------+--------------+
; Partition Name ; Elapsed Time ;
+----------------+--------------+
; Top            ; 00:00:00     ;
+----------------+--------------+


+-------------------------------+
; Analysis & Synthesis Messages ;
+-------------------------------+
Info: *******************************************************************
Info: Running Quartus Prime Analysis & Synthesis
    Info: Version 22.1std.2 Build 922 07/20/2023 SC Lite Edition
    Info: Processing started: Sun Nov 17 15:44:52 2024
Info: Command: quartus_map --read_settings_files=on --write_settings_files=off WiMAX_Interleaver -c WiMAX_Interleaver
Warning (18236): Number of processors has not been specified which may cause overloading on shared machines.  Set the global assignment NUM_PARALLEL_PROCESSORS in your QSF to an appropriate value for best performance.
Info (20030): Parallel compilation is enabled and will use 6 of the 6 processors detected
Info (12021): Found 1 design units, including 1 entities, in source file /study/fall2024/ecng 4104/project/phase1/rtl/ppbuffercontrol.sv
    Info (12023): Found entity 1: PPBufferControl File: D:/Study/FALL2024/ECNG 4104/Project/Phase1/rtl/PPBufferControl.sv Line: 1
Info (12021): Found 1 design units, including 1 entities, in source file /study/fall2024/ecng 4104/project/phase1/rtl/ppbuffer.sv
    Info (12023): Found entity 1: PPBuffer File: D:/Study/FALL2024/ECNG 4104/Project/Phase1/rtl/PPBuffer.sv Line: 1
Info (12021): Found 1 design units, including 1 entities, in source file /study/fall2024/ecng 4104/project/phase1/rtl/interleaver_top.sv
    Info (12023): Found entity 1: interleaver_top File: D:/Study/FALL2024/ECNG 4104/Project/Phase1/rtl/interleaver_top.sv Line: 1
Info (12021): Found 1 design units, including 1 entities, in source file /study/fall2024/ecng 4104/project/phase1/rtl/interleaver.sv
    Info (12023): Found entity 1: interleaver File: D:/Study/FALL2024/ECNG 4104/Project/Phase1/rtl/interleaver.sv Line: 1
Info (12021): Found 1 design units, including 1 entities, in source file /study/fall2024/ecng 4104/project/phase1/ip/sdpr.v
    Info (12023): Found entity 1: SDPR File: D:/Study/FALL2024/ECNG 4104/Project/Phase1/ip/SDPR.v Line: 40
Warning (10236): Verilog HDL Implicit Net warning at interleaver_top.sv(29): created implicit net for "data_interleaved" File: D:/Study/FALL2024/ECNG 4104/Project/Phase1/rtl/interleaver_top.sv Line: 29
Info (12127): Elaborating entity "interleaver_top" for the top level hierarchy
Warning (10230): Verilog HDL assignment warning at interleaver_top.sv(52): truncated value with size 32 to match size of target (9) File: D:/Study/FALL2024/ECNG 4104/Project/Phase1/rtl/interleaver_top.sv Line: 52
Info (12128): Elaborating entity "interleaver" for hierarchy "interleaver:Interleaver_inst" File: D:/Study/FALL2024/ECNG 4104/Project/Phase1/rtl/interleaver_top.sv Line: 33
Warning (10230): Verilog HDL assignment warning at interleaver.sv(35): truncated value with size 32 to match size of target (8) File: D:/Study/FALL2024/ECNG 4104/Project/Phase1/rtl/interleaver.sv Line: 35
Warning (10230): Verilog HDL assignment warning at interleaver.sv(41): truncated value with size 32 to match size of target (8) File: D:/Study/FALL2024/ECNG 4104/Project/Phase1/rtl/interleaver.sv Line: 41
Warning (10230): Verilog HDL assignment warning at interleaver.sv(42): truncated value with size 32 to match size of target (8) File: D:/Study/FALL2024/ECNG 4104/Project/Phase1/rtl/interleaver.sv Line: 42
Info (12128): Elaborating entity "PPBuffer" for hierarchy "PPBuffer:PingPongBuffer_inst" File: D:/Study/FALL2024/ECNG 4104/Project/Phase1/rtl/interleaver_top.sv Line: 45
Info (12128): Elaborating entity "PPBufferControl" for hierarchy "PPBuffer:PingPongBuffer_inst|PPBufferControl:BufferControl" File: D:/Study/FALL2024/ECNG 4104/Project/Phase1/rtl/PPBuffer.sv Line: 36
Warning (10230): Verilog HDL assignment warning at PPBufferControl.sv(165): truncated value with size 32 to match size of target (8) File: D:/Study/FALL2024/ECNG 4104/Project/Phase1/rtl/PPBufferControl.sv Line: 165
Warning (10230): Verilog HDL assignment warning at PPBufferControl.sv(176): truncated value with size 32 to match size of target (1) File: D:/Study/FALL2024/ECNG 4104/Project/Phase1/rtl/PPBufferControl.sv Line: 176
Info (12128): Elaborating entity "SDPR" for hierarchy "PPBuffer:PingPongBuffer_inst|SDPR:BankA" File: D:/Study/FALL2024/ECNG 4104/Project/Phase1/rtl/PPBuffer.sv Line: 47
Info (12128): Elaborating entity "altsyncram" for hierarchy "PPBuffer:PingPongBuffer_inst|SDPR:BankA|altsyncram:altsyncram_component" File: D:/Study/FALL2024/ECNG 4104/Project/Phase1/ip/SDPR.v Line: 92
Info (12130): Elaborated megafunction instantiation "PPBuffer:PingPongBuffer_inst|SDPR:BankA|altsyncram:altsyncram_component" File: D:/Study/FALL2024/ECNG 4104/Project/Phase1/ip/SDPR.v Line: 92
Info (12133): Instantiated megafunction "PPBuffer:PingPongBuffer_inst|SDPR:BankA|altsyncram:altsyncram_component" with the following parameter: File: D:/Study/FALL2024/ECNG 4104/Project/Phase1/ip/SDPR.v Line: 92
    Info (12134): Parameter "address_aclr_b" = "NONE"
    Info (12134): Parameter "address_reg_b" = "CLOCK0"
    Info (12134): Parameter "clock_enable_input_a" = "BYPASS"
    Info (12134): Parameter "clock_enable_input_b" = "BYPASS"
    Info (12134): Parameter "clock_enable_output_b" = "BYPASS"
    Info (12134): Parameter "intended_device_family" = "Cyclone V"
    Info (12134): Parameter "lpm_type" = "altsyncram"
    Info (12134): Parameter "numwords_a" = "512"
    Info (12134): Parameter "numwords_b" = "512"
    Info (12134): Parameter "operation_mode" = "DUAL_PORT"
    Info (12134): Parameter "outdata_aclr_b" = "NONE"
    Info (12134): Parameter "outdata_reg_b" = "UNREGISTERED"
    Info (12134): Parameter "power_up_uninitialized" = "TRUE"
    Info (12134): Parameter "ram_block_type" = "M10K"
    Info (12134): Parameter "rdcontrol_reg_b" = "CLOCK0"
    Info (12134): Parameter "read_during_write_mode_mixed_ports" = "DONT_CARE"
    Info (12134): Parameter "widthad_a" = "9"
    Info (12134): Parameter "widthad_b" = "9"
    Info (12134): Parameter "width_a" = "1"
    Info (12134): Parameter "width_b" = "1"
    Info (12134): Parameter "width_byteena_a" = "1"
Info (12021): Found 1 design units, including 1 entities, in source file db/altsyncram_3432.tdf
    Info (12023): Found entity 1: altsyncram_3432 File: D:/Study/FALL2024/ECNG 4104/Project/Phase1/syn/db/altsyncram_3432.tdf Line: 28
Info (12128): Elaborating entity "altsyncram_3432" for hierarchy "PPBuffer:PingPongBuffer_inst|SDPR:BankA|altsyncram:altsyncram_component|altsyncram_3432:auto_generated" File: c:/intelfpga_lite/22.1std/quartus/libraries/megafunctions/altsyncram.tdf Line: 792
Warning (12011): Net is missing source, defaulting to GND
    Warning (12110): Net "data_out_index[8]" is missing source, defaulting to GND File: D:/Study/FALL2024/ECNG 4104/Project/Phase1/rtl/interleaver_top.sv Line: 18
Warning (12241): 1 hierarchies have connectivity warnings - see the Connectivity Checks report folder
Info (286030): Timing-Driven Synthesis is running
Info (17049): 2 registers lost all their fanouts during netlist optimizations.
Info (16010): Generating hard_block partition "hard_block:auto_generated_inst"
    Info (16011): Adding 0 node(s), including 0 DDIO, 0 PLL, 0 transceiver and 0 LCELL
Warning (21074): Design contains 1 input pin(s) that do not drive logic
    Warning (15610): No output dependent on input pin "ready_in" File: D:/Study/FALL2024/ECNG 4104/Project/Phase1/rtl/interleaver_top.sv Line: 10
Info (21057): Implemented 64 device resources after synthesis - the final resource count might be different
    Info (21058): Implemented 5 input pins
    Info (21059): Implemented 3 output pins
    Info (21061): Implemented 54 logic cells
    Info (21064): Implemented 2 RAM segments
Info: Quartus Prime Analysis & Synthesis was successful. 0 errors, 13 warnings
    Info: Peak virtual memory: 4874 megabytes
    Info: Processing ended: Sun Nov 17 15:45:01 2024
    Info: Elapsed time: 00:00:09
    Info: Total CPU time (on all processors): 00:00:10


